<?xml version="1.0" encoding="UTF-8"?>
<testng-results ignored="0" total="1" passed="1" failed="0" skipped="0">
  <reporter-output>
  </reporter-output>
  <suite started-at="2023-01-31T08:53:40Z" name="Default suite" finished-at="2023-01-31T08:53:42Z" duration-ms="2126">
    <groups>
    </groups>
    <test started-at="2023-01-31T08:53:40Z" name="Default test" finished-at="2023-01-31T08:53:42Z" duration-ms="2126">
      <class name="com.Stormoverseas.Utils.Extentreports">
        <test-method signature="m1()[pri:0, instance:com.Stormoverseas.Utils.Extentreports@146dfe6]" started-at="2023-01-31T08:53:40Z" name="m1" finished-at="2023-01-31T08:53:42Z" duration-ms="2082" status="PASS">
          <reporter-output>
          </reporter-output>
        </test-method> <!-- m1 -->
      </class> <!-- com.Stormoverseas.Utils.Extentreports -->
    </test> <!-- Default test -->
  </suite> <!-- Default suite -->
</testng-results>
