<?xml version="1.0" encoding="UTF-8"?>
<testng-results ignored="0" total="2" passed="1" failed="1" skipped="0">
  <reporter-output>
  </reporter-output>
  <suite started-at="2022-10-30T00:15:45 IST" name="AdminLogin" finished-at="2022-10-30T00:15:50 IST" duration-ms="4303">
    <groups>
    </groups>
    <test started-at="2022-10-30T00:15:45 IST" name="Adding Employee" finished-at="2022-10-30T00:15:50 IST" duration-ms="4303">
      <class name="HRM.Testcases.AddEmployeeTestcase">
        <test-method is-config="true" signature="LaunchApp()[pri:0, instance:HRM.Testcases.AddEmployeeTestcase@7ce3cb8e]" started-at="2022-10-30T00:15:45 IST" name="LaunchApp" finished-at="2022-10-30T00:15:48 IST" duration-ms="2744" status="PASS">
          <reporter-output>
          </reporter-output>
        </test-method> <!-- LaunchApp -->
        <test-method signature="CheckaddEmployee(java.lang.String,java.lang.String)[pri:1, instance:HRM.Testcases.AddEmployeeTestcase@7ce3cb8e]" started-at="2022-10-30T00:15:48 IST" name="CheckaddEmployee" finished-at="2022-10-30T00:15:50 IST" duration-ms="1526" status="PASS">
          <params>
            <param index="0">
              <value>
                <![CDATA[Admin]]>
              </value>
            </param>
            <param index="1">
              <value>
                <![CDATA[Qedge123!@#]]>
              </value>
            </param>
          </params>
          <reporter-output>
          </reporter-output>
        </test-method> <!-- CheckaddEmployee -->
        <test-method signature="Addingemployeedetails(java.lang.String,java.lang.String,java.lang.String)[pri:2, instance:HRM.Testcases.AddEmployeeTestcase@7ce3cb8e]" started-at="2022-10-30T00:15:50 IST" name="Addingemployeedetails" finished-at="2022-10-30T00:15:50 IST" duration-ms="0" status="FAIL">
          <exception class="org.testng.TestNGException">
            <message>
              <![CDATA[
Parameter ' EmployePasswrd' is required by @Test on method Addingemployeedetails but has not been marked @Optional or defined
in C:\Users\Ya Rahman\eclipse-workspace\NewProjects\Hrmmodule\Hrm.xml]]>
            </message>
            <full-stacktrace>
              <![CDATA[org.testng.TestNGException: 
Parameter ' EmployePasswrd' is required by @Test on method Addingemployeedetails but has not been marked @Optional or defined
in C:\Users\Ya Rahman\eclipse-workspace\NewProjects\Hrmmodule\Hrm.xml
at org.testng.internal.Parameters.createParams(Parameters.java:270)
at org.testng.internal.Parameters.createParametersForMethod(Parameters.java:358)
at org.testng.internal.Parameters.createParameters(Parameters.java:700)
at org.testng.internal.Parameters.handleParameters(Parameters.java:884)
at org.testng.internal.Parameters.handleParameters(Parameters.java:740)
at org.testng.internal.ParameterHandler.handleParameters(ParameterHandler.java:59)
at org.testng.internal.ParameterHandler.createParameters(ParameterHandler.java:38)
at org.testng.internal.TestInvoker$MethodInvocationAgent.invoke(TestInvoker.java:791)
at org.testng.internal.TestInvoker.invokeTestMethods(TestInvoker.java:146)
at org.testng.internal.TestMethodWorker.invokeTestMethods(TestMethodWorker.java:146)
at org.testng.internal.TestMethodWorker.run(TestMethodWorker.java:128)
at java.base/java.util.ArrayList.forEach(ArrayList.java:1511)
at org.testng.TestRunner.privateRun(TestRunner.java:794)
at org.testng.TestRunner.run(TestRunner.java:596)
at org.testng.SuiteRunner.runTest(SuiteRunner.java:377)
at org.testng.SuiteRunner.runSequentially(SuiteRunner.java:371)
at org.testng.SuiteRunner.privateRun(SuiteRunner.java:332)
at org.testng.SuiteRunner.run(SuiteRunner.java:276)
at org.testng.SuiteRunnerWorker.runSuite(SuiteRunnerWorker.java:53)
at org.testng.SuiteRunnerWorker.run(SuiteRunnerWorker.java:96)
at org.testng.TestNG.runSuitesSequentially(TestNG.java:1212)
at org.testng.TestNG.runSuitesLocally(TestNG.java:1134)
at org.testng.TestNG.runSuites(TestNG.java:1063)
at org.testng.TestNG.run(TestNG.java:1031)
at org.testng.remote.AbstractRemoteTestNG.run(AbstractRemoteTestNG.java:115)
at org.testng.remote.RemoteTestNG.initAndRun(RemoteTestNG.java:251)
at org.testng.remote.RemoteTestNG.main(RemoteTestNG.java:77)
]]>
            </full-stacktrace>
          </exception> <!-- org.testng.TestNGException -->
          <reporter-output>
          </reporter-output>
        </test-method> <!-- Addingemployeedetails -->
      </class> <!-- HRM.Testcases.AddEmployeeTestcase -->
    </test> <!-- Adding Employee -->
  </suite> <!-- AdminLogin -->
</testng-results>
