<?xml version="1.0" encoding="UTF-8"?>
<!-- Generated by org.testng.reporters.JUnitXMLReporter -->
<testsuite ignored="0" hostname="LAPTOP-8Q0369N3" failures="1" tests="1" name="Loginvalid" time="0.023" errors="0" timestamp="2022-10-27T22:36:42 IST">
  <testcase classname="Libraries.Login" name="login" time="0.0">
    <failure type="org.testng.TestNGException" message="
Parameter &amp;apos;userID&amp;apos; is required by @Test on method login but has not been marked @Optional or defined
in C:\Users\Ya Rahman\eclipse-workspace\NewProjects\TestngDEMO\Tesngdemo.xml">
      <![CDATA[org.testng.TestNGException: 
Parameter 'userID' is required by @Test on method login but has not been marked @Optional or defined
in C:\Users\Ya Rahman\eclipse-workspace\NewProjects\TestngDEMO\Tesngdemo.xml
at java.base/java.util.ArrayList.forEach(ArrayList.java:1511)
... Removed 26 stack frames]]>
    </failure>
  </testcase> <!-- login -->
</testsuite> <!-- Loginvalid -->
