<?xml version="1.0" encoding="UTF-8"?>
<!-- Generated by org.testng.reporters.JUnitXMLReporter -->
<testsuite ignored="0" hostname="LAPTOP-8Q0369N3" failures="0" tests="1" name="Admin Login With InValid Data" time="0.006" errors="0" timestamp="2022-11-04T16:38:10 IST">
  <testcase classname="company.TestCases.AdminLoginwithINValidDatatestcase" name="adminlogn_invaldata" time="0.0">
    <skipped/>
  </testcase> <!-- adminlogn_invaldata -->
</testsuite> <!-- Admin Login With InValid Data -->
