<?xml version="1.0" encoding="UTF-8"?>
<!-- Generated by org.testng.reporters.JUnitXMLReporter -->
<testsuite ignored="0" hostname="LAPTOP-8Q0369N3" failures="1" tests="2" name="Adding Employee" time="4.303" errors="0" timestamp="2022-10-30T00:15:50 IST">
  <testcase classname="HRM.Testcases.AddEmployeeTestcase" name="CheckaddEmployee" time="1.526"/>
  <testcase classname="HRM.Testcases.AddEmployeeTestcase" name="Addingemployeedetails" time="0.0">
    <failure type="org.testng.TestNGException" message="
Parameter &amp;apos; EmployePasswrd&amp;apos; is required by @Test on method Addingemployeedetails but has not been marked @Optional or defined
in C:\Users\Ya Rahman\eclipse-workspace\NewProjects\Hrmmodule\Hrm.xml">
      <![CDATA[org.testng.TestNGException: 
Parameter ' EmployePasswrd' is required by @Test on method Addingemployeedetails but has not been marked @Optional or defined
in C:\Users\Ya Rahman\eclipse-workspace\NewProjects\Hrmmodule\Hrm.xml
at java.base/java.util.ArrayList.forEach(ArrayList.java:1511)
... Removed 26 stack frames]]>
    </failure>
  </testcase> <!-- Addingemployeedetails -->
</testsuite> <!-- Adding Employee -->
