<?xml version="1.0" encoding="UTF-8"?>
<!-- Generated by org.testng.reporters.JUnitXMLReporter -->
<testsuite ignored="0" hostname="LAPTOP-8Q0369N3" failures="1" tests="1" name="Admin Login With Valid Data" time="21.182" errors="0" timestamp="2022-10-29T22:14:38 IST">
  <testcase classname="HRM.Testcases.AdminLoginTestWithValidInputs" name="checkadminlogin" time="1.192">
    <failure type="java.lang.AssertionError" message="expected [false] but found [true]">
      <![CDATA[java.lang.AssertionError: expected [false] but found [true]
at HRM.Testcases.AdminLoginTestWithValidInputs.checkadminlogin(AdminLoginTestWithValidInputs.java:27)
at java.base/java.util.ArrayList.forEach(ArrayList.java:1511)
... Removed 31 stack frames]]>
    </failure>
  </testcase> <!-- checkadminlogin -->
</testsuite> <!-- Admin Login With Valid Data -->
