<?xml version="1.0" encoding="UTF-8"?>
<testng-results ignored="0" total="1" passed="1" failed="0" skipped="0">
  <reporter-output>
  </reporter-output>
  <suite started-at="2022-11-08T21:05:42 IST" name="Default suite" finished-at="2022-11-08T21:06:35 IST" duration-ms="52809">
    <groups>
    </groups>
    <test started-at="2022-11-08T21:05:42 IST" name="Default test" finished-at="2022-11-08T21:06:35 IST" duration-ms="52809">
      <class name="orangehrm.testcases.OrangeHRMTest">
        <test-method is-config="true" signature="launchApp()[pri:0, instance:orangehrm.testcases.OrangeHRMTest@446293d]" started-at="2022-11-08T21:05:38 IST" name="launchApp" finished-at="2022-11-08T21:05:42 IST" duration-ms="4318" status="PASS">
          <reporter-output>
          </reporter-output>
        </test-method> <!-- launchApp -->
        <test-method signature="checkOrangeHRM()[pri:0, instance:orangehrm.testcases.OrangeHRMTest@446293d]" started-at="2022-11-08T21:05:42 IST" name="checkOrangeHRM" finished-at="2022-11-08T21:06:35 IST" duration-ms="52770" status="PASS">
          <reporter-output>
          </reporter-output>
        </test-method> <!-- checkOrangeHRM -->
        <test-method is-config="true" signature="closeApp()[pri:0, instance:orangehrm.testcases.OrangeHRMTest@446293d]" started-at="2022-11-08T21:06:35 IST" name="closeApp" finished-at="2022-11-08T21:06:35 IST" duration-ms="596" status="PASS">
          <reporter-output>
          </reporter-output>
        </test-method> <!-- closeApp -->
      </class> <!-- orangehrm.testcases.OrangeHRMTest -->
    </test> <!-- Default test -->
  </suite> <!-- Default suite -->
</testng-results>
