<?xml version="1.0" encoding="UTF-8"?>
<testng-results ignored="0" total="1" passed="1" failed="0" skipped="0">
  <reporter-output>
  </reporter-output>
  <suite started-at="2022-11-15T12:38:41 IST" name="Default suite" finished-at="2022-11-15T12:38:52 IST" duration-ms="10862">
    <groups>
    </groups>
    <test started-at="2022-11-15T12:38:41 IST" name="Default test" finished-at="2022-11-15T12:38:52 IST" duration-ms="10862">
      <class name="orangehrm.testcases.AdminLoginTestwithInvalidData">
        <test-method is-config="true" signature="launchApp()[pri:0, instance:orangehrm.testcases.AdminLoginTestwithInvalidData@6e4784bc]" started-at="2022-11-15T12:38:37 IST" name="launchApp" finished-at="2022-11-15T12:38:41 IST" duration-ms="3999" status="PASS">
          <reporter-output>
          </reporter-output>
        </test-method> <!-- launchApp -->
        <test-method signature="checkAdminLogin()[pri:0, instance:orangehrm.testcases.AdminLoginTestwithInvalidData@6e4784bc]" started-at="2022-11-15T12:38:41 IST" name="checkAdminLogin" finished-at="2022-11-15T12:38:52 IST" duration-ms="10822" status="PASS">
          <reporter-output>
          </reporter-output>
        </test-method> <!-- checkAdminLogin -->
        <test-method is-config="true" signature="closeApp()[pri:0, instance:orangehrm.testcases.AdminLoginTestwithInvalidData@6e4784bc]" started-at="2022-11-15T12:38:52 IST" name="closeApp" finished-at="2022-11-15T12:38:52 IST" duration-ms="123" status="PASS">
          <reporter-output>
          </reporter-output>
        </test-method> <!-- closeApp -->
      </class> <!-- orangehrm.testcases.AdminLoginTestwithInvalidData -->
    </test> <!-- Default test -->
  </suite> <!-- Default suite -->
</testng-results>
