<?xml version="1.0" encoding="UTF-8"?>
<testng-results ignored="0" total="1" passed="1" failed="0" skipped="0">
  <reporter-output>
  </reporter-output>
  <suite started-at="2022-11-09T20:53:58 IST" name="Default suite" finished-at="2022-11-09T20:54:02 IST" duration-ms="4308">
    <groups>
    </groups>
    <test started-at="2022-11-09T20:53:58 IST" name="Default test" finished-at="2022-11-09T20:54:02 IST" duration-ms="4308">
      <class name="orangehrm.testcases.EmployeeRegTest">
        <test-method is-config="true" signature="launchApp()[pri:0, instance:orangehrm.testcases.EmployeeRegTest@446293d]" started-at="2022-11-09T20:53:54 IST" name="launchApp" finished-at="2022-11-09T20:53:58 IST" duration-ms="4277" status="PASS">
          <reporter-output>
          </reporter-output>
        </test-method> <!-- launchApp -->
        <test-method signature="checkEmpReg()[pri:0, instance:orangehrm.testcases.EmployeeRegTest@446293d]" started-at="2022-11-09T20:53:58 IST" name="checkEmpReg" finished-at="2022-11-09T20:54:02 IST" duration-ms="4268" status="PASS">
          <reporter-output>
          </reporter-output>
        </test-method> <!-- checkEmpReg -->
        <test-method is-config="true" signature="closeApp()[pri:0, instance:orangehrm.testcases.EmployeeRegTest@446293d]" started-at="2022-11-09T20:54:03 IST" name="closeApp" finished-at="2022-11-09T20:54:03 IST" duration-ms="723" status="PASS">
          <reporter-output>
          </reporter-output>
        </test-method> <!-- closeApp -->
      </class> <!-- orangehrm.testcases.EmployeeRegTest -->
    </test> <!-- Default test -->
  </suite> <!-- Default suite -->
</testng-results>
