<?xml version="1.0" encoding="UTF-8"?>
<testng-results ignored="0" total="1" passed="0" failed="1" skipped="0">
  <reporter-output>
  </reporter-output>
  <suite started-at="2022-10-27T22:36:42 IST" name="loginsuite" finished-at="2022-10-27T22:36:42 IST" duration-ms="23">
    <groups>
    </groups>
    <test started-at="2022-10-27T22:36:42 IST" name="Loginvalid" finished-at="2022-10-27T22:36:42 IST" duration-ms="23">
      <class name="Libraries.Login">
        <test-method is-config="true" signature="launchApp()[pri:0, instance:Libraries.Login@2f7c2f4f]" started-at="2022-10-27T22:36:38 IST" name="launchApp" finished-at="2022-10-27T22:36:42 IST" duration-ms="3761" status="PASS">
          <reporter-output>
          </reporter-output>
        </test-method> <!-- launchApp -->
        <test-method signature="login(java.lang.String,java.lang.String)[pri:0, instance:Libraries.Login@2f7c2f4f]" started-at="2022-10-27T22:36:42 IST" name="login" finished-at="2022-10-27T22:36:42 IST" duration-ms="0" status="FAIL">
          <exception class="org.testng.TestNGException">
            <message>
              <![CDATA[
Parameter 'userID' is required by @Test on method login but has not been marked @Optional or defined
in C:\Users\Ya Rahman\eclipse-workspace\NewProjects\TestngDEMO\Tesngdemo.xml]]>
            </message>
            <full-stacktrace>
              <![CDATA[org.testng.TestNGException: 
Parameter 'userID' is required by @Test on method login but has not been marked @Optional or defined
in C:\Users\Ya Rahman\eclipse-workspace\NewProjects\TestngDEMO\Tesngdemo.xml
at org.testng.internal.Parameters.createParams(Parameters.java:270)
at org.testng.internal.Parameters.createParametersForMethod(Parameters.java:358)
at org.testng.internal.Parameters.createParameters(Parameters.java:700)
at org.testng.internal.Parameters.handleParameters(Parameters.java:884)
at org.testng.internal.Parameters.handleParameters(Parameters.java:740)
at org.testng.internal.ParameterHandler.handleParameters(ParameterHandler.java:59)
at org.testng.internal.ParameterHandler.createParameters(ParameterHandler.java:38)
at org.testng.internal.TestInvoker$MethodInvocationAgent.invoke(TestInvoker.java:791)
at org.testng.internal.TestInvoker.invokeTestMethods(TestInvoker.java:146)
at org.testng.internal.TestMethodWorker.invokeTestMethods(TestMethodWorker.java:146)
at org.testng.internal.TestMethodWorker.run(TestMethodWorker.java:128)
at java.base/java.util.ArrayList.forEach(ArrayList.java:1511)
at org.testng.TestRunner.privateRun(TestRunner.java:794)
at org.testng.TestRunner.run(TestRunner.java:596)
at org.testng.SuiteRunner.runTest(SuiteRunner.java:377)
at org.testng.SuiteRunner.runSequentially(SuiteRunner.java:371)
at org.testng.SuiteRunner.privateRun(SuiteRunner.java:332)
at org.testng.SuiteRunner.run(SuiteRunner.java:276)
at org.testng.SuiteRunnerWorker.runSuite(SuiteRunnerWorker.java:53)
at org.testng.SuiteRunnerWorker.run(SuiteRunnerWorker.java:96)
at org.testng.TestNG.runSuitesSequentially(TestNG.java:1212)
at org.testng.TestNG.runSuitesLocally(TestNG.java:1134)
at org.testng.TestNG.runSuites(TestNG.java:1063)
at org.testng.TestNG.run(TestNG.java:1031)
at org.testng.remote.AbstractRemoteTestNG.run(AbstractRemoteTestNG.java:115)
at org.testng.remote.RemoteTestNG.initAndRun(RemoteTestNG.java:251)
at org.testng.remote.RemoteTestNG.main(RemoteTestNG.java:77)
]]>
            </full-stacktrace>
          </exception> <!-- org.testng.TestNGException -->
          <reporter-output>
          </reporter-output>
        </test-method> <!-- login -->
        <test-method is-config="true" signature="Closeapp()[pri:0, instance:Libraries.Login@2f7c2f4f]" started-at="2022-10-27T22:36:42 IST" name="Closeapp" finished-at="2022-10-27T22:36:45 IST" duration-ms="2420" status="PASS">
          <reporter-output>
          </reporter-output>
        </test-method> <!-- Closeapp -->
      </class> <!-- Libraries.Login -->
    </test> <!-- Loginvalid -->
  </suite> <!-- loginsuite -->
</testng-results>
