<?xml version="1.0" encoding="UTF-8"?>
<testng-results ignored="0" total="5" passed="5" failed="0" skipped="0">
  <reporter-output>
  </reporter-output>
  <suite started-at="2022-10-29T20:49:54 IST" name="OrangeHRM Test Suite" finished-at="2022-10-29T20:50:41 IST" duration-ms="46568">
    <groups>
    </groups>
    <test started-at="2022-10-29T20:49:54 IST" name="Admin Login TestCase with valid inputs" finished-at="2022-10-29T20:49:58 IST" duration-ms="3218">
      <class name="orangehrm.testcases.AdminLoginTestwithValidData">
        <test-method signature="checkAdminLogin(java.lang.String,java.lang.String)[pri:0, instance:orangehrm.testcases.AdminLoginTestwithValidData@2f8dad04]" started-at="2022-10-29T20:49:54 IST" name="checkAdminLogin" finished-at="2022-10-29T20:49:58 IST" duration-ms="3143" status="PASS">
          <params>
            <param index="0">
              <value>
                <![CDATA[Admin]]>
              </value>
            </param>
            <param index="1">
              <value>
                <![CDATA[Qedge123!@#]]>
              </value>
            </param>
          </params>
          <reporter-output>
          </reporter-output>
        </test-method> <!-- checkAdminLogin -->
      </class> <!-- orangehrm.testcases.AdminLoginTestwithValidData -->
    </test> <!-- Admin Login TestCase with valid inputs -->
    <test started-at="2022-10-29T20:49:58 IST" name="Admin Login TestCase with invalid inputs" finished-at="2022-10-29T20:49:59 IST" duration-ms="1033">
      <class name="orangehrm.testcases.AdminLoginTestwithInvalidData">
        <test-method signature="checkAdminLogin(java.lang.String,java.lang.String)[pri:0, instance:orangehrm.testcases.AdminLoginTestwithInvalidData@7ea9e1e2]" started-at="2022-10-29T20:49:58 IST" name="checkAdminLogin" finished-at="2022-10-29T20:49:59 IST" duration-ms="1029" status="PASS">
          <params>
            <param index="0">
              <value>
                <![CDATA[abc]]>
              </value>
            </param>
            <param index="1">
              <value>
                <![CDATA[xyz]]>
              </value>
            </param>
          </params>
          <reporter-output>
          </reporter-output>
        </test-method> <!-- checkAdminLogin -->
      </class> <!-- orangehrm.testcases.AdminLoginTestwithInvalidData -->
    </test> <!-- Admin Login TestCase with invalid inputs -->
    <test started-at="2022-10-29T20:49:59 IST" name="New Employee Registration TestCase" finished-at="2022-10-29T20:50:07 IST" duration-ms="8456">
      <class name="orangehrm.testcases.EmployeeRegTest">
        <test-method is-config="true" signature="adminLogin()[pri:0, instance:orangehrm.testcases.EmployeeRegTest@759d26fb]" started-at="2022-10-29T20:49:59 IST" name="adminLogin" finished-at="2022-10-29T20:50:00 IST" duration-ms="1177" status="PASS">
          <reporter-output>
          </reporter-output>
        </test-method> <!-- adminLogin -->
        <test-method signature="checkEmpReg(java.lang.String,java.lang.String)[pri:0, instance:orangehrm.testcases.EmployeeRegTest@759d26fb]" started-at="2022-10-29T20:50:00 IST" name="checkEmpReg" finished-at="2022-10-29T20:50:06 IST" duration-ms="6385" status="PASS">
          <params>
            <param index="0">
              <value>
                <![CDATA[Anjan]]>
              </value>
            </param>
            <param index="1">
              <value>
                <![CDATA[Demo]]>
              </value>
            </param>
          </params>
          <reporter-output>
          </reporter-output>
        </test-method> <!-- checkEmpReg -->
        <test-method is-config="true" signature="adminLogout()[pri:0, instance:orangehrm.testcases.EmployeeRegTest@759d26fb]" started-at="2022-10-29T20:50:06 IST" name="adminLogout" finished-at="2022-10-29T20:50:07 IST" duration-ms="889" status="PASS">
          <reporter-output>
          </reporter-output>
        </test-method> <!-- adminLogout -->
      </class> <!-- orangehrm.testcases.EmployeeRegTest -->
    </test> <!-- New Employee Registration TestCase -->
    <test started-at="2022-10-29T20:50:07 IST" name="New User Registration TestCase" finished-at="2022-10-29T20:50:18 IST" duration-ms="11166">
      <class name="orangehrm.testcases.UserRegTest">
        <test-method is-config="true" signature="adminLogin()[pri:0, instance:orangehrm.testcases.UserRegTest@4d5b6aac]" started-at="2022-10-29T20:50:07 IST" name="adminLogin" finished-at="2022-10-29T20:50:10 IST" duration-ms="2348" status="PASS">
          <reporter-output>
          </reporter-output>
        </test-method> <!-- adminLogin -->
        <test-method signature="checkUserReg(java.lang.String,java.lang.String,java.lang.String,java.lang.String)[pri:0, instance:orangehrm.testcases.UserRegTest@4d5b6aac]" started-at="2022-10-29T20:50:10 IST" name="checkUserReg" finished-at="2022-10-29T20:50:18 IST" duration-ms="8050" status="PASS">
          <params>
            <param index="0">
              <value>
                <![CDATA[ESS]]>
              </value>
            </param>
            <param index="1">
              <value>
                <![CDATA[Anjan Demo]]>
              </value>
            </param>
            <param index="2">
              <value>
                <![CDATA[Anjan123]]>
              </value>
            </param>
            <param index="3">
              <value>
                <![CDATA[Qedge123!@#]]>
              </value>
            </param>
          </params>
          <reporter-output>
          </reporter-output>
        </test-method> <!-- checkUserReg -->
        <test-method is-config="true" signature="adminLogout()[pri:0, instance:orangehrm.testcases.UserRegTest@4d5b6aac]" started-at="2022-10-29T20:50:18 IST" name="adminLogout" finished-at="2022-10-29T20:50:18 IST" duration-ms="759" status="PASS">
          <reporter-output>
          </reporter-output>
        </test-method> <!-- adminLogout -->
      </class> <!-- orangehrm.testcases.UserRegTest -->
    </test> <!-- New User Registration TestCase -->
    <test started-at="2022-10-29T20:50:18 IST" name="Employee Login TestCase" finished-at="2022-10-29T20:50:41 IST" duration-ms="22563">
      <class name="orangehrm.testcases.EmployeeLoginTest">
        <test-method is-config="true" signature="launchApp()[pri:0, instance:orangehrm.testcases.EmployeeLoginTest@63a12c68]" started-at="2022-10-29T20:49:49 IST" name="launchApp" finished-at="2022-10-29T20:49:54 IST" duration-ms="4904" status="PASS">
          <reporter-output>
          </reporter-output>
        </test-method> <!-- launchApp -->
        <test-method signature="checkEmpLogin(java.lang.String,java.lang.String)[pri:0, instance:orangehrm.testcases.EmployeeLoginTest@63a12c68]" started-at="2022-10-29T20:50:18 IST" name="checkEmpLogin" finished-at="2022-10-29T20:50:41 IST" duration-ms="22554" status="PASS">
          <params>
            <param index="0">
              <value>
                <![CDATA[Anjan123]]>
              </value>
            </param>
            <param index="1">
              <value>
                <![CDATA[Qedge123!@#]]>
              </value>
            </param>
          </params>
          <reporter-output>
          </reporter-output>
        </test-method> <!-- checkEmpLogin -->
        <test-method is-config="true" signature="closeApp()[pri:0, instance:orangehrm.testcases.EmployeeLoginTest@63a12c68]" started-at="2022-10-29T20:50:41 IST" name="closeApp" finished-at="2022-10-29T20:50:42 IST" duration-ms="623" status="PASS">
          <reporter-output>
          </reporter-output>
        </test-method> <!-- closeApp -->
      </class> <!-- orangehrm.testcases.EmployeeLoginTest -->
    </test> <!-- Employee Login TestCase -->
  </suite> <!-- OrangeHRM Test Suite -->
</testng-results>
