<?xml version="1.0" encoding="UTF-8"?>
<testng-results ignored="0" total="4" passed="3" failed="1" skipped="0">
  <reporter-output>
  </reporter-output>
  <suite started-at="2022-12-25T13:20:09Z" name="Default suite" finished-at="2022-12-25T13:20:32Z" duration-ms="23685">
    <groups>
    </groups>
    <test started-at="2022-12-25T13:20:09Z" name="Default test" finished-at="2022-12-25T13:20:32Z" duration-ms="23685">
      <class name="TestCases.DataDrivenTest">
        <test-method is-config="true" signature="LaunchApp()[pri:0, instance:TestCases.DataDrivenTest@25be7b63]" started-at="2022-12-25T13:20:09Z" name="LaunchApp" finished-at="2022-12-25T13:20:16Z" duration-ms="7671" status="PASS">
          <reporter-output>
          </reporter-output>
        </test-method> <!-- LaunchApp -->
        <test-method signature="DataDriventest(java.lang.String, java.lang.String)[pri:0, instance:TestCases.DataDrivenTest@25be7b63]" started-at="2022-12-25T13:20:16Z" name="DataDriventest" data-provider="Logindata" finished-at="2022-12-25T13:20:22Z" duration-ms="5134" status="PASS">
          <params>
            <param index="0">
              <value>
                <![CDATA[sfhdghfgh]]>
              </value>
            </param>
            <param index="1">
              <value>
                <![CDATA[dgaergfrgregtr]]>
              </value>
            </param>
          </params>
          <reporter-output>
          </reporter-output>
        </test-method> <!-- DataDriventest -->
        <test-method signature="DataDriventest(java.lang.String, java.lang.String)[pri:0, instance:TestCases.DataDrivenTest@25be7b63]" started-at="2022-12-25T13:20:22Z" name="DataDriventest" data-provider="Logindata" finished-at="2022-12-25T13:20:26Z" duration-ms="4243" status="PASS">
          <params>
            <param index="0">
              <value>
                <![CDATA[24344]]>
              </value>
            </param>
            <param index="1">
              <value>
                <![CDATA[bmhjkjy]]>
              </value>
            </param>
          </params>
          <reporter-output>
          </reporter-output>
        </test-method> <!-- DataDriventest -->
        <test-method signature="DataDriventest(java.lang.String, java.lang.String)[pri:0, instance:TestCases.DataDrivenTest@25be7b63]" started-at="2022-12-25T13:20:26Z" name="DataDriventest" data-provider="Logindata" finished-at="2022-12-25T13:20:30Z" duration-ms="4303" status="PASS">
          <params>
            <param index="0">
              <value>
                <![CDATA[hjlghjk]]>
              </value>
            </param>
            <param index="1">
              <value>
                <![CDATA[QWQWS]]>
              </value>
            </param>
          </params>
          <reporter-output>
          </reporter-output>
        </test-method> <!-- DataDriventest -->
        <test-method signature="DataDriventest(java.lang.String, java.lang.String)[pri:0, instance:TestCases.DataDrivenTest@25be7b63]" started-at="2022-12-25T13:20:30Z" name="DataDriventest" data-provider="Logindata" finished-at="2022-12-25T13:20:32Z" duration-ms="2167" status="FAIL">
          <params>
            <param index="0">
              <value>
                <![CDATA[01254254]]>
              </value>
            </param>
            <param index="1">
              <value>
                <![CDATA[XCZXV]]>
              </value>
            </param>
          </params>
          <exception class="org.openqa.selenium.ElementNotInteractableException">
            <message>
              <![CDATA[element not interactable
  (Session info: chrome=108.0.5359.125)
Build info: version: '3.141.59', revision: 'e82be7d358', time: '2018-11-14T08:17:03'
System info: host: 'LAPTOP-8Q0369N3', ip: '192.168.0.103', os.name: 'Windows 10', os.arch: 'amd64', os.version: '10.0', java.version: '17.0.4.1'
Driver info: org.openqa.selenium.chrome.ChromeDriver
Capabilities {acceptInsecureCerts: false, browserName: chrome, browserVersion: 108.0.5359.125, chrome: {chromedriverVersion: 108.0.5359.71 (1e0e3868ee06..., userDataDir: C:\Users\YARAHM~1\AppData\L...}, goog:chromeOptions: {debuggerAddress: localhost:51136}, javascriptEnabled: true, networkConnectionEnabled: false, pageLoadStrategy: normal, platform: WINDOWS, platformName: WINDOWS, proxy: Proxy(), setWindowRect: true, strictFileInteractability: false, timeouts: {implicit: 0, pageLoad: 300000, script: 30000}, unhandledPromptBehavior: dismiss and notify, webauthn:extension:credBlob: true, webauthn:extension:largeBlob: true, webauthn:virtualAuthenticators: true}
Session ID: f45b62f3f20ff950b8254eccd9555d66]]>
            </message>
            <full-stacktrace>
              <![CDATA[org.openqa.selenium.ElementNotInteractableException: element not interactable
  (Session info: chrome=108.0.5359.125)
Build info: version: '3.141.59', revision: 'e82be7d358', time: '2018-11-14T08:17:03'
System info: host: 'LAPTOP-8Q0369N3', ip: '192.168.0.103', os.name: 'Windows 10', os.arch: 'amd64', os.version: '10.0', java.version: '17.0.4.1'
Driver info: org.openqa.selenium.chrome.ChromeDriver
Capabilities {acceptInsecureCerts: false, browserName: chrome, browserVersion: 108.0.5359.125, chrome: {chromedriverVersion: 108.0.5359.71 (1e0e3868ee06..., userDataDir: C:\Users\YARAHM~1\AppData\L...}, goog:chromeOptions: {debuggerAddress: localhost:51136}, javascriptEnabled: true, networkConnectionEnabled: false, pageLoadStrategy: normal, platform: WINDOWS, platformName: WINDOWS, proxy: Proxy(), setWindowRect: true, strictFileInteractability: false, timeouts: {implicit: 0, pageLoad: 300000, script: 30000}, unhandledPromptBehavior: dismiss and notify, webauthn:extension:credBlob: true, webauthn:extension:largeBlob: true, webauthn:virtualAuthenticators: true}
Session ID: f45b62f3f20ff950b8254eccd9555d66
at java.base/jdk.internal.reflect.NativeConstructorAccessorImpl.newInstance0(Native Method)
at java.base/jdk.internal.reflect.NativeConstructorAccessorImpl.newInstance(NativeConstructorAccessorImpl.java:77)
at java.base/jdk.internal.reflect.DelegatingConstructorAccessorImpl.newInstance(DelegatingConstructorAccessorImpl.java:45)
at java.base/java.lang.reflect.Constructor.newInstanceWithCaller(Constructor.java:499)
at java.base/java.lang.reflect.Constructor.newInstance(Constructor.java:480)
at org.openqa.selenium.remote.http.W3CHttpResponseCodec.createException(W3CHttpResponseCodec.java:187)
at org.openqa.selenium.remote.http.W3CHttpResponseCodec.decode(W3CHttpResponseCodec.java:122)
at org.openqa.selenium.remote.http.W3CHttpResponseCodec.decode(W3CHttpResponseCodec.java:49)
at org.openqa.selenium.remote.HttpCommandExecutor.execute(HttpCommandExecutor.java:158)
at org.openqa.selenium.remote.service.DriverCommandExecutor.execute(DriverCommandExecutor.java:83)
at org.openqa.selenium.remote.RemoteWebDriver.execute(RemoteWebDriver.java:552)
at org.openqa.selenium.remote.RemoteWebElement.execute(RemoteWebElement.java:285)
at org.openqa.selenium.remote.RemoteWebElement.click(RemoteWebElement.java:84)
at Libraries.LoginPage.Login(LoginPage.java:28)
at TestCases.DataDrivenTest.DataDriventest(DataDrivenTest.java:19)
at java.base/jdk.internal.reflect.NativeMethodAccessorImpl.invoke0(Native Method)
at java.base/jdk.internal.reflect.NativeMethodAccessorImpl.invoke(NativeMethodAccessorImpl.java:77)
at java.base/jdk.internal.reflect.DelegatingMethodAccessorImpl.invoke(DelegatingMethodAccessorImpl.java:43)
at java.base/java.lang.reflect.Method.invoke(Method.java:568)
at org.testng.internal.MethodInvocationHelper.invokeMethod(MethodInvocationHelper.java:124)
at org.testng.internal.Invoker.invokeMethod(Invoker.java:583)
at org.testng.internal.Invoker.invokeTestMethod(Invoker.java:719)
at org.testng.internal.Invoker.invokeTestMethods(Invoker.java:989)
at org.testng.internal.TestMethodWorker.invokeTestMethods(TestMethodWorker.java:125)
at org.testng.internal.TestMethodWorker.run(TestMethodWorker.java:109)
at org.testng.TestRunner.privateRun(TestRunner.java:648)
at org.testng.TestRunner.run(TestRunner.java:505)
at org.testng.SuiteRunner.runTest(SuiteRunner.java:455)
at org.testng.SuiteRunner.runSequentially(SuiteRunner.java:450)
at org.testng.SuiteRunner.privateRun(SuiteRunner.java:415)
at org.testng.SuiteRunner.run(SuiteRunner.java:364)
at org.testng.SuiteRunnerWorker.runSuite(SuiteRunnerWorker.java:52)
at org.testng.SuiteRunnerWorker.run(SuiteRunnerWorker.java:84)
at org.testng.TestNG.runSuitesSequentially(TestNG.java:1208)
at org.testng.TestNG.runSuitesLocally(TestNG.java:1137)
at org.testng.TestNG.runSuites(TestNG.java:1049)
at org.testng.TestNG.run(TestNG.java:1017)
at org.testng.remote.AbstractRemoteTestNG.run(AbstractRemoteTestNG.java:115)
at org.testng.remote.RemoteTestNG.initAndRun(RemoteTestNG.java:251)
at org.testng.remote.RemoteTestNG.main(RemoteTestNG.java:77)
]]>
            </full-stacktrace>
          </exception> <!-- org.openqa.selenium.ElementNotInteractableException -->
          <reporter-output>
          </reporter-output>
        </test-method> <!-- DataDriventest -->
        <test-method is-config="true" signature="CloseApp()[pri:0, instance:TestCases.DataDrivenTest@25be7b63]" started-at="2022-12-25T13:20:32Z" name="CloseApp" finished-at="2022-12-25T13:20:32Z" duration-ms="126" status="PASS">
          <reporter-output>
          </reporter-output>
        </test-method> <!-- CloseApp -->
      </class> <!-- TestCases.DataDrivenTest -->
    </test> <!-- Default test -->
  </suite> <!-- Default suite -->
</testng-results>
